<?xml version="1.0" encoding="UTF-8"?>
<!-- Generated by org.testng.reporters.JUnitReportReporter -->
<testsuite hostname="tundu-PC" name="test.LoginTest" tests="1" failures="0" timestamp="23 Mar 2019 05:39:10 GMT" time="5.270" errors="0">
  <testcase name="verifyLogin" time="5.270" classname="test.LoginTest"/>
</testsuite> <!-- test.LoginTest -->
